2025-04-26 11:45:28,126 - WARNING - Không tìm th\u1ea5y cookies.txt, ch\u1ec9 crawl \u0111\u01b0\u1ee3c n\u1ed9i dung công khai
2025-04-26 11:45:28,127 - INFO - \u0110ang crawl t\u1eeb: zingnews
2025-04-26 11:45:28,127 - ERROR - L\u1ed7i: You need to specify either account, group, or post_urls
2025-04-26 11:45:36,461 - WARNING - Không tìm th\u1ea5y cookies.txt, ch\u1ec9 crawl \u0111\u01b0\u1ee3c n\u1ed9i dung công khai
2025-04-26 11:45:36,461 - INFO - \u0110ang crawl t\u1eeb: zingnews
2025-04-26 11:45:36,461 - ERROR - L\u1ed7i: You need to specify either account, group, or post_urls
2025-04-26 11:46:35,499 - WARNING - Không tìm th\u1ea5y cookies.txt, ch\u1ec9 crawl \u0111\u01b0\u1ee3c n\u1ed9i dung công khai
2025-04-26 11:46:35,499 - INFO - \u0110ang crawl t\u1eeb: bts
2025-04-26 11:46:35,499 - ERROR - L\u1ed7i: You need to specify either account, group, or post_urls
2025-04-26 11:55:22,414 - INFO - \u0110ang crawl t\u1eeb nhóm công khai: zingnews
2025-04-26 11:55:24,142 - WARNING - No raw posts (<article> elements) were found in this page.
2025-04-26 11:57:12,074 - INFO - \u0110ang crawl t\u1eeb nhóm công khai: MUA BÁN DÂY CÁP \u0110I\u1ec6N
2025-04-26 11:57:13,882 - WARNING - No raw posts (<article> elements) were found in this page.
2025-04-26 11:57:13,891 - INFO - \u0110ã l\u01b0u 0 bài vi\u1ebft
2025-04-26 11:58:15,481 - INFO - \u0110ang crawl t\u1eeb nhóm công khai: MUA BÁN DÂY CÁP \u0110I\u1ec6N
2025-04-26 11:58:17,367 - WARNING - No raw posts (<article> elements) were found in this page.
2025-04-26 11:58:17,367 - INFO - Page parser did not find next page URL
2025-04-26 11:58:17,368 - INFO - \u0110ã l\u01b0u 0 bài vi\u1ebft
2025-04-26 11:58:32,636 - INFO - \u0110ang crawl t\u1eeb nhóm công khai: MUA BÁN DÂY CÁP \u0110I\u1ec6N
2025-04-26 11:58:34,263 - WARNING - No raw posts (<article> elements) were found in this page.
2025-04-26 11:58:34,264 - INFO - Page parser did not find next page URL
2025-04-26 11:58:34,265 - INFO - \u0110ã l\u01b0u 0 bài vi\u1ebft
2025-04-26 12:01:11,493 - INFO - \u0110ang crawl t\u1eeb nhóm công khai: MUA BÁN DÂY CÁP \u0110I\u1ec6N
2025-04-26 12:01:13,232 - WARNING - No raw posts (<article> elements) were found in this page.
2025-04-26 12:01:13,233 - INFO - Page parser did not find next page URL
2025-04-26 12:01:13,233 - INFO - \u0110ã l\u01b0u 0 bài vi\u1ebft
2025-04-26 12:02:13,366 - INFO - \u0110ang crawl t\u1eeb nhóm công khai: MUA BÁN DÂY CÁP \u0110I\u1ec6N
2025-04-26 12:02:15,142 - WARNING - No raw posts (<article> elements) were found in this page.
2025-04-26 12:02:15,142 - INFO - Page parser did not find next page URL
2025-04-26 12:02:15,144 - INFO - \u0110ã l\u01b0u 0 bài vi\u1ebft
2025-04-26 12:04:42,302 - INFO - \u0110ang crawl t\u1eeb nhóm công khai: AKKO VN Community
2025-04-26 12:04:44,092 - WARNING - No raw posts (<article> elements) were found in this page.
2025-04-26 12:04:44,093 - INFO - Page parser did not find next page URL
2025-04-26 12:04:44,094 - INFO - \u0110ã l\u01b0u 0 bài vi\u1ebft
